<?xml version="1.0" encoding="UTF-8"?>
<!-- Generated by org.testng.reporters.JUnitXMLReporter -->
<testsuite ignored="1" hostname="TYC0921378" failures="0" tests="17" name="Test" time="193.245" errors="0" timestamp="2022-02-10T15:39:20 IST">
  <testcase classname="test_scripts.SampleTestScript" name="testCase" time="0.01"/>
  <testcase classname="test_scripts.TC_Education_002" name="testCase" time="7.132"/>
  <testcase classname="test_scripts.TC_Education_03" name="testCase" time="7.234"/>
  <testcase classname="test_scripts.TC_Skill_13" name="testCase" time="9.037"/>
  <testcase classname="test_scripts.TC_Education_05" name="testcase" time="1.099"/>
  <testcase classname="test_scripts.TC_Profile_08" name="testCase" time="1.218"/>
  <testcase classname="test_scripts.TC_Profile_08" name="testCase" time="0.593"/>
  <testcase classname="test_scripts.TC_Education_04" name="testcase" time="13.79"/>
  <testcase classname="test_scripts.TC_Education_07" name="testCase" time="9.153"/>
  <testcase classname="test_scripts.TC_Profile_10" name="testCase" time="9.243"/>
  <testcase classname="test_scripts.TC_Profile_09" name="testCase" time="14.306"/>
  <testcase classname="test_scripts.TC_Education_07" name="testCase" time="0.834"/>
  <testcase classname="test_scripts.TC_Profile_11" name="testCase" time="10.777"/>
  <testcase classname="test_scripts.TC_Skill_14" name="testCase" time="1.634"/>
  <testcase classname="test_scripts.TC_Eductaion_06" name="testCase" time="1.15"/>
  <testcase classname="test_scripts.TC_Skill_15" name="testCase" time="1.775"/>
  <testcase classname="test_scripts.TC_Profile_12" name="testCase" time="0.521"/>
  <testcase classname="test_scripts.TC_End_to_End" name="testCase" time="0.0">
    <ignored/>
  </testcase> <!-- testCase -->
</testsuite> <!-- Test -->
