<?xml version="1.0" encoding="UTF-8"?>
<!-- Generated by org.testng.reporters.JUnitXMLReporter -->
<testsuite ignored="0" hostname="Abhishek" failures="0" tests="22" name="Test" time="57.54" errors="0" timestamp="2022-02-09T13:02:52 IST">
  <testcase classname="test_scripts.Functional_08" name="functional_08" time="2.897"/>
  <testcase classname="test_scripts.Functional_05" name="functional_05" time="2.897"/>
  <testcase classname="test_scripts.Functional_06" name="functional_06" time="4.444"/>
  <testcase classname="test_scripts.Functional_07" name="functional_07" time="0.251"/>
  <testcase classname="test_scripts.Functional_07" name="functional_07" time="0.156"/>
  <testcase classname="test_scripts.Functional_09" name="functional_09" time="0.409"/>
  <testcase classname="test_scripts.Functional_01" name="functional_01" time="0.038"/>
  <testcase classname="test_scripts.Functional_02" name="functional_02" time="0.065"/>
  <testcase classname="test_scripts.Functional_10" name="functional_10" time="0.239"/>
  <testcase classname="test_scripts.Functional_10" name="functional_10" time="0.169"/>
  <testcase classname="test_scripts.Functional_10" name="functional_10" time="0.183"/>
  <testcase classname="test_scripts.Functional_03" name="functional_03" time="0.322"/>
  <testcase classname="test_scripts.Functional_03" name="functional_03" time="0.202"/>
  <testcase classname="test_scripts.Functional_03" name="functional_03" time="0.174"/>
  <testcase classname="test_scripts.Integration05" name="integration05" time="0.25"/>
  <testcase classname="test_scripts.Functional_04" name="functional_04" time="0.25"/>
  <testcase classname="test_scripts.Functional_04" name="functional_04" time="0.194"/>
  <testcase classname="test_scripts.Integration03" name="integration03" time="0.55"/>
  <testcase classname="test_scripts.Integration04" name="integration04" time="0.249"/>
  <testcase classname="test_scripts.Integration01" name="integration01" time="0.414"/>
  <testcase classname="test_scripts.Integration02" name="integration02" time="0.171"/>
  <testcase classname="test_scripts.EndToEnd01" name="endToEnd01" time="1.456"/>
</testsuite> <!-- Test -->
