<?xml version="1.0" encoding="UTF-8"?>
<testng-results ignored="0" total="1" passed="1" failed="0" skipped="0">
  <reporter-output>
    <line>
      <![CDATA[Browser window is maximized successfully]]>
    </line>
  </reporter-output>
  <suite started-at="2022-02-10T21:47:24 PST" name="Default suite" finished-at="2022-02-10T21:47:38 PST" duration-ms="14173">
    <groups>
    </groups>
    <test started-at="2022-02-10T21:47:24 PST" name="Default test" finished-at="2022-02-10T21:47:38 PST" duration-ms="14173">
      <class name="test_scripts.TC11_Integration">
        <test-method is-config="true" signature="openApplication(java.lang.String)[pri:0, instance:test_scripts.TC11_Integration@3e84448c]" started-at="2022-02-10T21:47:24 PST" name="openApplication" finished-at="2022-02-10T21:47:35 PST" duration-ms="11212" status="PASS">
          <params>
            <param index="0">
              <value>
                <![CDATA[chrome]]>
              </value>
            </param>
          </params>
          <reporter-output>
            <line>
              <![CDATA[Browser window is maximized successfully]]>
            </line>
          </reporter-output>
        </test-method> <!-- openApplication -->
        <test-method signature="Resume()[pri:0, instance:test_scripts.TC11_Integration@3e84448c]" started-at="2022-02-10T21:47:35 PST" name="Resume" finished-at="2022-02-10T21:47:37 PST" duration-ms="2037" status="PASS">
          <reporter-output>
          </reporter-output>
        </test-method> <!-- Resume -->
        <test-method is-config="true" signature="CloseApp()[pri:0, instance:test_scripts.TC11_Integration@3e84448c]" started-at="2022-02-10T21:47:37 PST" name="CloseApp" finished-at="2022-02-10T21:47:38 PST" duration-ms="869" status="PASS">
          <reporter-output>
          </reporter-output>
        </test-method> <!-- CloseApp -->
      </class> <!-- test_scripts.TC11_Integration -->
    </test> <!-- Default test -->
  </suite> <!-- Default suite -->
</testng-results>
