<?xml version="1.0" encoding="UTF-8"?>
<testng-results ignored="0" total="1" passed="1" failed="0" skipped="0">
  <reporter-output>
    <line>
      <![CDATA[Browser window is maximized successfully]]>
    </line>
  </reporter-output>
  <suite started-at="2022-02-07T13:16:24 IST" name="Default suite" finished-at="2022-02-07T13:16:26 IST" duration-ms="2138">
    <groups>
    </groups>
    <test started-at="2022-02-07T13:16:24 IST" name="Default test" finished-at="2022-02-07T13:16:26 IST" duration-ms="2138">
      <class name="test_scripts.SampleTestScript">
        <test-method is-config="true" signature="openApplication(java.lang.String)[pri:0, instance:test_scripts.SampleTestScript@581ac8a8]" started-at="2022-02-07T13:16:24 IST" name="openApplication" finished-at="2022-02-07T13:16:26 IST" duration-ms="1924" status="PASS">
          <params>
            <param index="0">
              <value>
                <![CDATA[chrome]]>
              </value>
            </param>
          </params>
          <reporter-output>
            <line>
              <![CDATA[Browser window is maximized successfully]]>
            </line>
          </reporter-output>
        </test-method> <!-- openApplication -->
        <test-method signature="testCase()[pri:0, instance:test_scripts.SampleTestScript@581ac8a8]" started-at="2022-02-07T13:16:26 IST" name="testCase" finished-at="2022-02-07T13:16:26 IST" duration-ms="5" status="PASS">
          <reporter-output>
          </reporter-output>
        </test-method> <!-- testCase -->
        <test-method is-config="true" signature="CloseApp()[pri:0, instance:test_scripts.SampleTestScript@581ac8a8]" started-at="2022-02-07T13:16:26 IST" name="CloseApp" finished-at="2022-02-07T13:16:26 IST" duration-ms="181" status="PASS">
          <reporter-output>
          </reporter-output>
        </test-method> <!-- CloseApp -->
      </class> <!-- test_scripts.SampleTestScript -->
    </test> <!-- Default test -->
  </suite> <!-- Default suite -->
</testng-results>
