<?xml version="1.0" encoding="UTF-8"?>
<testng-results ignored="0" total="1" passed="1" failed="0" skipped="0">
  <reporter-output>
    <line>
      <![CDATA[Browser window is maximized successfully]]>
    </line>
  </reporter-output>
  <suite started-at="2022-02-11T10:41:39 IST" name="Default suite" finished-at="2022-02-11T10:41:48 IST" duration-ms="8226">
    <groups>
      <group name="Integration_TestCase">
        <method signature="Integration01.integration01(java.lang.String)[pri:0, instance:test_scripts.Integration01@66d3eec0]" name="integration01" class="test_scripts.Integration01"/>
      </group> <!-- Integration_TestCase -->
    </groups>
    <test started-at="2022-02-11T10:41:39 IST" name="Default test" finished-at="2022-02-11T10:41:48 IST" duration-ms="8226">
      <class name="test_scripts.Integration01">
        <test-method is-config="true" signature="openApplication(java.lang.String)[pri:0, instance:test_scripts.Integration01@66d3eec0]" started-at="2022-02-11T10:41:40 IST" name="openApplication" finished-at="2022-02-11T10:41:45 IST" duration-ms="5641" status="PASS">
          <params>
            <param index="0">
              <value>
                <![CDATA[chrome]]>
              </value>
            </param>
          </params>
          <reporter-output>
            <line>
              <![CDATA[Browser window is maximized successfully]]>
            </line>
          </reporter-output>
        </test-method> <!-- openApplication -->
        <test-method signature="integration01(java.lang.String)[pri:0, instance:test_scripts.Integration01@66d3eec0]" started-at="2022-02-11T10:41:46 IST" name="integration01" data-provider="name" finished-at="2022-02-11T10:41:47 IST" duration-ms="502" status="PASS">
          <params>
            <param index="0">
              <value>
                <![CDATA[Abhishek]]>
              </value>
            </param>
          </params>
          <reporter-output>
          </reporter-output>
        </test-method> <!-- integration01 -->
        <test-method is-config="true" signature="CloseApp()[pri:0, instance:test_scripts.Integration01@66d3eec0]" started-at="2022-02-11T10:41:47 IST" name="CloseApp" finished-at="2022-02-11T10:41:48 IST" duration-ms="734" status="PASS">
          <reporter-output>
          </reporter-output>
        </test-method> <!-- CloseApp -->
      </class> <!-- test_scripts.Integration01 -->
    </test> <!-- Default test -->
  </suite> <!-- Default suite -->
</testng-results>
